<?xml version="1.0" encoding="UTF-8"?>
<testng-results skipped="0" failed="0" total="1" passed="1">
  <reporter-output>
  </reporter-output>
  <suite name="Default suite" duration-ms="8906" started-at="2014-12-08T19:19:24Z" finished-at="2014-12-08T19:19:33Z">
    <groups>
    </groups>
    <test name="Default test" duration-ms="8906" started-at="2014-12-08T19:19:24Z" finished-at="2014-12-08T19:19:33Z">
      <class name="ua.kh.roma.Login">
        <test-method status="PASS" signature="init()[pri:0, instance:ua.kh.roma.Login@11531931]" name="init" is-config="true" duration-ms="6544" started-at="2014-12-08T21:19:24Z" finished-at="2014-12-08T21:19:31Z">
          <reporter-output>
          </reporter-output>
        </test-method> <!-- init -->
        <test-method status="PASS" signature="testUntitled()[pri:0, instance:ua.kh.roma.Login@11531931]" name="testUntitled" duration-ms="2328" started-at="2014-12-08T21:19:31Z" finished-at="2014-12-08T21:19:33Z">
          <reporter-output>
          </reporter-output>
        </test-method> <!-- testUntitled -->
        <test-method status="PASS" signature="tearDown()[pri:0, instance:ua.kh.roma.Login@11531931]" name="tearDown" is-config="true" duration-ms="315" started-at="2014-12-08T21:19:33Z" finished-at="2014-12-08T21:19:34Z">
          <reporter-output>
          </reporter-output>
        </test-method> <!-- tearDown -->
      </class> <!-- ua.kh.roma.Login -->
    </test> <!-- Default test -->
  </suite> <!-- Default suite -->
</testng-results>
